[2025-04-26 19:41:30] INFO: Starting: extract
[2025-04-26 19:41:30] WARNING: No publish date found for: https://globalnews.ca/news/11149051/donald-trump-time-magazine-interview-100-days-highlights/
[2025-04-26 19:41:30] INFO: Finished: extract
[2025-04-26 19:41:31] INFO: Starting: extract
[2025-04-26 19:41:31] WARNING: No publish date found for: https://globalnews.ca/news/11149051/donald-trump-time-magazine-interview-100-days-highlights/
[2025-04-26 19:41:31] INFO: Finished: extract
[2025-04-26 19:41:31] INFO: Starting: extract
[2025-04-26 19:41:32] WARNING: No publish date found for: https://time.com/7280114/donald-trump-2025-interview-transcript/
[2025-04-26 19:41:32] INFO: Finished: extract
[2025-04-26 19:41:32] INFO: Starting: extract
[2025-04-26 19:41:32] INFO: Finished: extract
[2025-04-26 19:41:32] INFO: Starting: extract
[2025-04-26 19:41:34] WARNING: No publish date found for: https://www.nbcnews.com/politics/trump-administration/live-blog/trump-administration-live-updates-rcna202479
[2025-04-26 19:41:34] INFO: Finished: extract
[2025-04-26 19:41:34] INFO: Starting: extract
[2025-04-26 19:41:34] INFO: Finished: extract
[2025-04-26 19:41:34] INFO: Starting: extract
[2025-04-26 19:41:36] INFO: Finished: extract
[2025-04-26 19:41:36] INFO: Starting: extract
[2025-04-26 19:41:43] WARNING: One or both publish dates missing; skipping strict date comparison.
[2025-04-26 19:41:43] WARNING: One or both publish dates missing; skipping strict date comparison.
[2025-04-26 19:41:43] WARNING: One or both publish dates missing; skipping strict date comparison.
[2025-04-26 19:41:43] WARNING: One or both publish dates missing; skipping strict date comparison.
[2025-04-26 19:41:43] WARNING: One or both publish dates missing; skipping strict date comparison.
[2025-04-26 19:41:43] WARNING: One or both publish dates missing; skipping strict date comparison.
